{"C:\\Users\\Bored\\Documents\\PersonalProjects\\sqe\\main.js": {"path":"C:\\Users\\Bored\\Documents\\PersonalProjects\\sqe\\main.js","statementMap":{"0":{"start":{"line":4,"column":4},"end":{"line":18,"column":5}},"1":{"start":{"line":5,"column":8},"end":{"line":10,"column":9}},"2":{"start":{"line":6,"column":12},"end":{"line":8,"column":13}},"3":{"start":{"line":7,"column":16},"end":{"line":7,"column":28}},"4":{"start":{"line":9,"column":12},"end":{"line":9,"column":24}},"5":{"start":{"line":11,"column":8},"end":{"line":11,"column":20}},"6":{"start":{"line":13,"column":9},"end":{"line":18,"column":5}},"7":{"start":{"line":14,"column":8},"end":{"line":14,"column":20}},"8":{"start":{"line":17,"column":8},"end":{"line":17,"column":21}},"9":{"start":{"line":23,"column":0},"end":{"line":23,"column":24}}},"fnMap":{"0":{"name":"testConditions","decl":{"start":{"line":2,"column":9},"end":{"line":2,"column":23}},"loc":{"start":{"line":2,"column":33},"end":{"line":19,"column":1}},"line":2}},"branchMap":{"0":{"loc":{"start":{"line":4,"column":4},"end":{"line":18,"column":5}},"type":"if","locations":[{"start":{"line":4,"column":4},"end":{"line":18,"column":5}},{"start":{"line":4,"column":4},"end":{"line":18,"column":5}}],"line":4},"1":{"loc":{"start":{"line":4,"column":7},"end":{"line":4,"column":33}},"type":"binary-expr","locations":[{"start":{"line":4,"column":7},"end":{"line":4,"column":13}},{"start":{"line":4,"column":17},"end":{"line":4,"column":23}},{"start":{"line":4,"column":27},"end":{"line":4,"column":33}}],"line":4},"2":{"loc":{"start":{"line":5,"column":8},"end":{"line":10,"column":9}},"type":"if","locations":[{"start":{"line":5,"column":8},"end":{"line":10,"column":9}},{"start":{"line":5,"column":8},"end":{"line":10,"column":9}}],"line":5},"3":{"loc":{"start":{"line":6,"column":12},"end":{"line":8,"column":13}},"type":"if","locations":[{"start":{"line":6,"column":12},"end":{"line":8,"column":13}},{"start":{"line":6,"column":12},"end":{"line":8,"column":13}}],"line":6},"4":{"loc":{"start":{"line":13,"column":9},"end":{"line":18,"column":5}},"type":"if","locations":[{"start":{"line":13,"column":9},"end":{"line":18,"column":5}},{"start":{"line":13,"column":9},"end":{"line":18,"column":5}}],"line":13},"5":{"loc":{"start":{"line":13,"column":13},"end":{"line":13,"column":39}},"type":"binary-expr","locations":[{"start":{"line":13,"column":13},"end":{"line":13,"column":19}},{"start":{"line":13,"column":23},"end":{"line":13,"column":29}},{"start":{"line":13,"column":33},"end":{"line":13,"column":39}}],"line":13}},"s":{"0":1,"1":1,"2":0,"3":0,"4":0,"5":1,"6":0,"7":0,"8":0,"9":1},"f":{"0":1},"b":{"0":[1,0],"1":[1,1,0],"2":[0,1],"3":[0,0],"4":[0,0],"5":[0,0,0]},"_coverageSchema":"1a1c01bbd47fc00a2c39e90264f33305004495a9","hash":"54721ca1b20efcecf02249f6cf19e88d606d71b0","contentHash":"cb09634f795655dd9f920731e0022a3aec7bd1af266ae69321d3153a0dd45b4f"}
}
