{"C:\\Users\\Bored\\Documents\\PersonalProjects\\sqe\\main.js": {"path":"C:\\Users\\Bored\\Documents\\PersonalProjects\\sqe\\main.js","statementMap":{"0":{"start":{"line":3,"column":4},"end":{"line":16,"column":5}},"1":{"start":{"line":4,"column":8},"end":{"line":9,"column":9}},"2":{"start":{"line":5,"column":12},"end":{"line":7,"column":13}},"3":{"start":{"line":6,"column":16},"end":{"line":6,"column":28}},"4":{"start":{"line":8,"column":12},"end":{"line":8,"column":24}},"5":{"start":{"line":11,"column":9},"end":{"line":16,"column":5}},"6":{"start":{"line":12,"column":8},"end":{"line":12,"column":20}},"7":{"start":{"line":15,"column":8},"end":{"line":15,"column":21}},"8":{"start":{"line":19,"column":0},"end":{"line":19,"column":22}},"9":{"start":{"line":20,"column":0},"end":{"line":20,"column":22}},"10":{"start":{"line":21,"column":0},"end":{"line":21,"column":22}}},"fnMap":{"0":{"name":"testConditions","decl":{"start":{"line":2,"column":9},"end":{"line":2,"column":23}},"loc":{"start":{"line":2,"column":33},"end":{"line":17,"column":1}},"line":2}},"branchMap":{"0":{"loc":{"start":{"line":3,"column":4},"end":{"line":16,"column":5}},"type":"if","locations":[{"start":{"line":3,"column":4},"end":{"line":16,"column":5}},{"start":{"line":3,"column":4},"end":{"line":16,"column":5}}],"line":3},"1":{"loc":{"start":{"line":3,"column":7},"end":{"line":3,"column":33}},"type":"binary-expr","locations":[{"start":{"line":3,"column":7},"end":{"line":3,"column":13}},{"start":{"line":3,"column":17},"end":{"line":3,"column":23}},{"start":{"line":3,"column":27},"end":{"line":3,"column":33}}],"line":3},"2":{"loc":{"start":{"line":4,"column":8},"end":{"line":9,"column":9}},"type":"if","locations":[{"start":{"line":4,"column":8},"end":{"line":9,"column":9}},{"start":{"line":4,"column":8},"end":{"line":9,"column":9}}],"line":4},"3":{"loc":{"start":{"line":5,"column":12},"end":{"line":7,"column":13}},"type":"if","locations":[{"start":{"line":5,"column":12},"end":{"line":7,"column":13}},{"start":{"line":5,"column":12},"end":{"line":7,"column":13}}],"line":5},"4":{"loc":{"start":{"line":11,"column":9},"end":{"line":16,"column":5}},"type":"if","locations":[{"start":{"line":11,"column":9},"end":{"line":16,"column":5}},{"start":{"line":11,"column":9},"end":{"line":16,"column":5}}],"line":11},"5":{"loc":{"start":{"line":11,"column":13},"end":{"line":11,"column":39}},"type":"binary-expr","locations":[{"start":{"line":11,"column":13},"end":{"line":11,"column":19}},{"start":{"line":11,"column":23},"end":{"line":11,"column":29}},{"start":{"line":11,"column":33},"end":{"line":11,"column":39}}],"line":11}},"s":{"0":3,"1":3,"2":3,"3":0,"4":3,"5":0,"6":0,"7":0,"8":1,"9":1,"10":1},"f":{"0":3},"b":{"0":[3,0],"1":[3,3,3],"2":[3,0],"3":[0,3],"4":[0,0],"5":[0,0,0]},"_coverageSchema":"1a1c01bbd47fc00a2c39e90264f33305004495a9","hash":"c6e9990e29923189e7c356f9315eac3295a1e4b0","contentHash":"14e383295f96193bd9d64cf0c3c5688e9b4fbad3fe1d6b6348f7dfa175224cfe"}
}
