{
    "main.js": {
        "path": "main.js",
        "statementMap": {
            "0": {
                "start": {
                    "line": 4,
                    "column": 4
                },
                "end": {
                    "line": 18,
                    "column": 5
                }
            },
            "1": {
                "start": {
                    "line": 5,
                    "column": 8
                },
                "end": {
                    "line": 10,
                    "column": 9
                }
            },
            "2": {
                "start": {
                    "line": 6,
                    "column": 12
                },
                "end": {
                    "line": 8,
                    "column": 13
                }
            },
            "3": {
                "start": {
                    "line": 7,
                    "column": 16
                },
                "end": {
                    "line": 7,
                    "column": 28
                }
            },
            "4": {
                "start": {
                    "line": 9,
                    "column": 12
                },
                "end": {
                    "line": 9,
                    "column": 24
                }
            },
            "5": {
                "start": {
                    "line": 11,
                    "column": 8
                },
                "end": {
                    "line": 11,
                    "column": 20
                }
            },
            "6": {
                "start": {
                    "line": 13,
                    "column": 9
                },
                "end": {
                    "line": 18,
                    "column": 5
                }
            },
            "7": {
                "start": {
                    "line": 14,
                    "column": 8
                },
                "end": {
                    "line": 14,
                    "column": 20
                }
            },
            "8": {
                "start": {
                    "line": 17,
                    "column": 8
                },
                "end": {
                    "line": 17,
                    "column": 21
                }
            },
            "9": {
                "start": {
                    "line": 23,
                    "column": 0
                },
                "end": {
                    "line": 23,
                    "column": 24
                }
            }
        },
        "fnMap": {
            "0": {
                "name": "testConditions",
                "decl": {
                    "start": {
                        "line": 2,
                        "column": 9
                    },
                    "end": {
                        "line": 2,
                        "column": 23
                    }
                },
                "loc": {
                    "start": {
                        "line": 2,
                        "column": 33
                    },
                    "end": {
                        "line": 19,
                        "column": 1
                    }
                },
                "line": 2
            }
        },
        "branchMap": {
            "0": {
                "loc": {
                    "start": {
                        "line": 4,
                        "column": 4
                    },
                    "end": {
                        "line": 18,
                        "column": 5
                    }
                },
                "type": "if",
                "locations": [
                    {
                        "start": {
                            "line": 4,
                            "column": 4
                        },
                        "end": {
                            "line": 18,
                            "column": 5
                        }
                    },
                    {
                        "start": {
                            "line": 13,
                            "column": 9
                        },
                        "end": {
                            "line": 18,
                            "column": 5
                        }
                    }
                ],
                "line": 4
            },
            "1": {
                "loc": {
                    "start": {
                        "line": 4,
                        "column": 7
                    },
                    "end": {
                        "line": 4,
                        "column": 33
                    }
                },
                "type": "binary-expr",
                "locations": [
                    {
                        "start": {
                            "line": 4,
                            "column": 7
                        },
                        "end": {
                            "line": 4,
                            "column": 13
                        }
                    },
                    {
                        "start": {
                            "line": 4,
                            "column": 17
                        },
                        "end": {
                            "line": 4,
                            "column": 23
                        }
                    },
                    {
                        "start": {
                            "line": 4,
                            "column": 27
                        },
                        "end": {
                            "line": 4,
                            "column": 33
                        }
                    }
                ],
                "line": 4
            },
            "2": {
                "loc": {
                    "start": {
                        "line": 5,
                        "column": 8
                    },
                    "end": {
                        "line": 10,
                        "column": 9
                    }
                },
                "type": "if",
                "locations": [
                    {
                        "start": {
                            "line": 5,
                            "column": 8
                        },
                        "end": {
                            "line": 10,
                            "column": 9
                        }
                    },
                    {
                        "start": {},
                        "end": {}
                    }
                ],
                "line": 5
            },
            "3": {
                "loc": {
                    "start": {
                        "line": 6,
                        "column": 12
                    },
                    "end": {
                        "line": 8,
                        "column": 13
                    }
                },
                "type": "if",
                "locations": [
                    {
                        "start": {
                            "line": 6,
                            "column": 12
                        },
                        "end": {
                            "line": 8,
                            "column": 13
                        }
                    },
                    {
                        "start": {},
                        "end": {}
                    }
                ],
                "line": 6
            },
            "4": {
                "loc": {
                    "start": {
                        "line": 13,
                        "column": 9
                    },
                    "end": {
                        "line": 18,
                        "column": 5
                    }
                },
                "type": "if",
                "locations": [
                    {
                        "start": {
                            "line": 13,
                            "column": 9
                        },
                        "end": {
                            "line": 18,
                            "column": 5
                        }
                    },
                    {
                        "start": {
                            "line": 16,
                            "column": 10
                        },
                        "end": {
                            "line": 18,
                            "column": 5
                        }
                    }
                ],
                "line": 13
            },
            "5": {
                "loc": {
                    "start": {
                        "line": 13,
                        "column": 13
                    },
                    "end": {
                        "line": 13,
                        "column": 39
                    }
                },
                "type": "binary-expr",
                "locations": [
                    {
                        "start": {
                            "line": 13,
                            "column": 13
                        },
                        "end": {
                            "line": 13,
                            "column": 19
                        }
                    },
                    {
                        "start": {
                            "line": 13,
                            "column": 23
                        },
                        "end": {
                            "line": 13,
                            "column": 29
                        }
                    },
                    {
                        "start": {
                            "line": 13,
                            "column": 33
                        },
                        "end": {
                            "line": 13,
                            "column": 39
                        }
                    }
                ],
                "line": 13
            }
        },
        "s": {
            "0": 1,
            "1": 1,
            "2": 0,
            "3": 0,
            "4": 0,
            "5": 1,
            "6": 0,
            "7": 0,
            "8": 0,
            "9": 1
        },
        "f": {
            "0": 1
        },
        "b": {
            "0": [
                1,
                0
            ],
            "1": [
                1,
                1,
                0
            ],
            "2": [
                0,
                1
            ],
            "3": [
                0,
                0
            ],
            "4": [
                0,
                0
            ],
            "5": [
                0,
                0,
                0
            ]
        },
        "_coverageSchema": "1a1c01bbd47fc00a2c39e90264f33305004495a9",
        "hash": "d02aaa346e13ba7bc16894a5ea172f0d191a50e0"
    },
    "C:\\Users\\Bored\\Documents\\PersonalProjects\\sqe\\main_instrumented.js": {
        "path": "C:\\Users\\Bored\\Documents\\PersonalProjects\\sqe\\main_instrumented.js",
        "statementMap": {
            "0": {
                "start": {
                    "line": 1,
                    "column": 35
                },
                "end": {
                    "line": 1,
                    "column": 44
                }
            },
            "1": {
                "start": {
                    "line": 1,
                    "column": 54
                },
                "end": {
                    "line": 1,
                    "column": 96
                }
            },
            "2": {
                "start": {
                    "line": 1,
                    "column": 108
                },
                "end": {
                    "line": 1,
                    "column": 137
                }
            },
            "3": {
                "start": {
                    "line": 1,
                    "column": 146
                },
                "end": {
                    "line": 1,
                    "column": 160
                }
            },
            "4": {
                "start": {
                    "line": 1,
                    "column": 178
                },
                "end": {
                    "line": 1,
                    "column": 2480
                }
            },
            "5": {
                "start": {
                    "line": 1,
                    "column": 2494
                },
                "end": {
                    "line": 1,
                    "column": 2523
                }
            },
            "6": {
                "start": {
                    "line": 1,
                    "column": 2524
                },
                "end": {
                    "line": 1,
                    "column": 2601
                }
            },
            "7": {
                "start": {
                    "line": 1,
                    "column": 2572
                },
                "end": {
                    "line": 1,
                    "column": 2600
                }
            },
            "8": {
                "start": {
                    "line": 1,
                    "column": 2620
                },
                "end": {
                    "line": 1,
                    "column": 2634
                }
            },
            "9": {
                "start": {
                    "line": 2,
                    "column": 0
                },
                "end": {
                    "line": 2,
                    "column": 50
                }
            },
            "10": {
                "start": {
                    "line": 2,
                    "column": 26
                },
                "end": {
                    "line": 2,
                    "column": 48
                }
            },
            "11": {
                "start": {
                    "line": 2,
                    "column": 51
                },
                "end": {
                    "line": 2,
                    "column": 73
                }
            },
            "12": {
                "start": {
                    "line": 2,
                    "column": 74
                },
                "end": {
                    "line": 2,
                    "column": 91
                }
            },
            "13": {
                "start": {
                    "line": 3,
                    "column": 31
                },
                "end": {
                    "line": 3,
                    "column": 55
                }
            },
            "14": {
                "start": {
                    "line": 3,
                    "column": 55
                },
                "end": {
                    "line": 3,
                    "column": 79
                }
            },
            "15": {
                "start": {
                    "line": 3,
                    "column": 79
                },
                "end": {
                    "line": 3,
                    "column": 810
                }
            },
            "16": {
                "start": {
                    "line": 3,
                    "column": 187
                },
                "end": {
                    "line": 3,
                    "column": 214
                }
            },
            "17": {
                "start": {
                    "line": 3,
                    "column": 214
                },
                "end": {
                    "line": 3,
                    "column": 238
                }
            },
            "18": {
                "start": {
                    "line": 3,
                    "column": 238
                },
                "end": {
                    "line": 3,
                    "column": 474
                }
            },
            "19": {
                "start": {
                    "line": 3,
                    "column": 247
                },
                "end": {
                    "line": 3,
                    "column": 274
                }
            },
            "20": {
                "start": {
                    "line": 3,
                    "column": 274
                },
                "end": {
                    "line": 3,
                    "column": 298
                }
            },
            "21": {
                "start": {
                    "line": 3,
                    "column": 298
                },
                "end": {
                    "line": 3,
                    "column": 404
                }
            },
            "22": {
                "start": {
                    "line": 3,
                    "column": 307
                },
                "end": {
                    "line": 3,
                    "column": 334
                }
            },
            "23": {
                "start": {
                    "line": 3,
                    "column": 334
                },
                "end": {
                    "line": 3,
                    "column": 358
                }
            },
            "24": {
                "start": {
                    "line": 3,
                    "column": 358
                },
                "end": {
                    "line": 3,
                    "column": 370
                }
            },
            "25": {
                "start": {
                    "line": 3,
                    "column": 376
                },
                "end": {
                    "line": 3,
                    "column": 403
                }
            },
            "26": {
                "start": {
                    "line": 3,
                    "column": 404
                },
                "end": {
                    "line": 3,
                    "column": 428
                }
            },
            "27": {
                "start": {
                    "line": 3,
                    "column": 428
                },
                "end": {
                    "line": 3,
                    "column": 440
                }
            },
            "28": {
                "start": {
                    "line": 3,
                    "column": 446
                },
                "end": {
                    "line": 3,
                    "column": 473
                }
            },
            "29": {
                "start": {
                    "line": 3,
                    "column": 474
                },
                "end": {
                    "line": 3,
                    "column": 498
                }
            },
            "30": {
                "start": {
                    "line": 3,
                    "column": 498
                },
                "end": {
                    "line": 3,
                    "column": 510
                }
            },
            "31": {
                "start": {
                    "line": 3,
                    "column": 516
                },
                "end": {
                    "line": 3,
                    "column": 543
                }
            },
            "32": {
                "start": {
                    "line": 3,
                    "column": 543
                },
                "end": {
                    "line": 3,
                    "column": 567
                }
            },
            "33": {
                "start": {
                    "line": 3,
                    "column": 567
                },
                "end": {
                    "line": 3,
                    "column": 809
                }
            },
            "34": {
                "start": {
                    "line": 3,
                    "column": 675
                },
                "end": {
                    "line": 3,
                    "column": 702
                }
            },
            "35": {
                "start": {
                    "line": 3,
                    "column": 702
                },
                "end": {
                    "line": 3,
                    "column": 726
                }
            },
            "36": {
                "start": {
                    "line": 3,
                    "column": 726
                },
                "end": {
                    "line": 3,
                    "column": 738
                }
            },
            "37": {
                "start": {
                    "line": 3,
                    "column": 744
                },
                "end": {
                    "line": 3,
                    "column": 771
                }
            },
            "38": {
                "start": {
                    "line": 3,
                    "column": 771
                },
                "end": {
                    "line": 3,
                    "column": 795
                }
            },
            "39": {
                "start": {
                    "line": 3,
                    "column": 795
                },
                "end": {
                    "line": 3,
                    "column": 808
                }
            },
            "40": {
                "start": {
                    "line": 4,
                    "column": 0
                },
                "end": {
                    "line": 4,
                    "column": 24
                }
            },
            "41": {
                "start": {
                    "line": 4,
                    "column": 24
                },
                "end": {
                    "line": 4,
                    "column": 46
                }
            }
        },
        "fnMap": {
            "0": {
                "name": "cov_24n15z917s",
                "decl": {
                    "start": {
                        "line": 1,
                        "column": 9
                    },
                    "end": {
                        "line": 1,
                        "column": 23
                    }
                },
                "loc": {
                    "start": {
                        "line": 1,
                        "column": 25
                    },
                    "end": {
                        "line": 2,
                        "column": 74
                    }
                },
                "line": 1
            },
            "1": {
                "name": "(anonymous_1)",
                "decl": {
                    "start": {
                        "line": 2,
                        "column": 15
                    },
                    "end": {
                        "line": 2,
                        "column": 16
                    }
                },
                "loc": {
                    "start": {
                        "line": 2,
                        "column": 25
                    },
                    "end": {
                        "line": 2,
                        "column": 49
                    }
                },
                "line": 2
            },
            "2": {
                "name": "testConditions",
                "decl": {
                    "start": {
                        "line": 3,
                        "column": 9
                    },
                    "end": {
                        "line": 3,
                        "column": 23
                    }
                },
                "loc": {
                    "start": {
                        "line": 3,
                        "column": 30
                    },
                    "end": {
                        "line": 3,
                        "column": 811
                    }
                },
                "line": 3
            }
        },
        "branchMap": {
            "0": {
                "loc": {
                    "start": {
                        "line": 1,
                        "column": 2494
                    },
                    "end": {
                        "line": 1,
                        "column": 2523
                    }
                },
                "type": "binary-expr",
                "locations": [
                    {
                        "start": {
                            "line": 1,
                            "column": 2494
                        },
                        "end": {
                            "line": 1,
                            "column": 2505
                        }
                    },
                    {
                        "start": {
                            "line": 1,
                            "column": 2508
                        },
                        "end": {
                            "line": 1,
                            "column": 2522
                        }
                    }
                ],
                "line": 1
            },
            "1": {
                "loc": {
                    "start": {
                        "line": 1,
                        "column": 2524
                    },
                    "end": {
                        "line": 1,
                        "column": 2601
                    }
                },
                "type": "if",
                "locations": [
                    {
                        "start": {
                            "line": 1,
                            "column": 2524
                        },
                        "end": {
                            "line": 1,
                            "column": 2601
                        }
                    },
                    {
                        "start": {},
                        "end": {}
                    }
                ],
                "line": 1
            },
            "2": {
                "loc": {
                    "start": {
                        "line": 1,
                        "column": 2527
                    },
                    "end": {
                        "line": 1,
                        "column": 2570
                    }
                },
                "type": "binary-expr",
                "locations": [
                    {
                        "start": {
                            "line": 1,
                            "column": 2527
                        },
                        "end": {
                            "line": 1,
                            "column": 2542
                        }
                    },
                    {
                        "start": {
                            "line": 1,
                            "column": 2544
                        },
                        "end": {
                            "line": 1,
                            "column": 2570
                        }
                    }
                ],
                "line": 1
            },
            "3": {
                "loc": {
                    "start": {
                        "line": 3,
                        "column": 79
                    },
                    "end": {
                        "line": 3,
                        "column": 810
                    }
                },
                "type": "if",
                "locations": [
                    {
                        "start": {
                            "line": 3,
                            "column": 79
                        },
                        "end": {
                            "line": 3,
                            "column": 810
                        }
                    },
                    {
                        "start": {
                            "line": 3,
                            "column": 515
                        },
                        "end": {
                            "line": 3,
                            "column": 810
                        }
                    }
                ],
                "line": 3
            },
            "4": {
                "loc": {
                    "start": {
                        "line": 3,
                        "column": 82
                    },
                    "end": {
                        "line": 3,
                        "column": 185
                    }
                },
                "type": "binary-expr",
                "locations": [
                    {
                        "start": {
                            "line": 3,
                            "column": 83
                        },
                        "end": {
                            "line": 3,
                            "column": 114
                        }
                    },
                    {
                        "start": {
                            "line": 3,
                            "column": 118
                        },
                        "end": {
                            "line": 3,
                            "column": 149
                        }
                    },
                    {
                        "start": {
                            "line": 3,
                            "column": 153
                        },
                        "end": {
                            "line": 3,
                            "column": 184
                        }
                    }
                ],
                "line": 3
            },
            "5": {
                "loc": {
                    "start": {
                        "line": 3,
                        "column": 238
                    },
                    "end": {
                        "line": 3,
                        "column": 474
                    }
                },
                "type": "if",
                "locations": [
                    {
                        "start": {
                            "line": 3,
                            "column": 238
                        },
                        "end": {
                            "line": 3,
                            "column": 474
                        }
                    },
                    {
                        "start": {
                            "line": 3,
                            "column": 445
                        },
                        "end": {
                            "line": 3,
                            "column": 474
                        }
                    }
                ],
                "line": 3
            },
            "6": {
                "loc": {
                    "start": {
                        "line": 3,
                        "column": 298
                    },
                    "end": {
                        "line": 3,
                        "column": 404
                    }
                },
                "type": "if",
                "locations": [
                    {
                        "start": {
                            "line": 3,
                            "column": 298
                        },
                        "end": {
                            "line": 3,
                            "column": 404
                        }
                    },
                    {
                        "start": {
                            "line": 3,
                            "column": 375
                        },
                        "end": {
                            "line": 3,
                            "column": 404
                        }
                    }
                ],
                "line": 3
            },
            "7": {
                "loc": {
                    "start": {
                        "line": 3,
                        "column": 567
                    },
                    "end": {
                        "line": 3,
                        "column": 809
                    }
                },
                "type": "if",
                "locations": [
                    {
                        "start": {
                            "line": 3,
                            "column": 567
                        },
                        "end": {
                            "line": 3,
                            "column": 809
                        }
                    },
                    {
                        "start": {
                            "line": 3,
                            "column": 743
                        },
                        "end": {
                            "line": 3,
                            "column": 809
                        }
                    }
                ],
                "line": 3
            },
            "8": {
                "loc": {
                    "start": {
                        "line": 3,
                        "column": 570
                    },
                    "end": {
                        "line": 3,
                        "column": 673
                    }
                },
                "type": "binary-expr",
                "locations": [
                    {
                        "start": {
                            "line": 3,
                            "column": 571
                        },
                        "end": {
                            "line": 3,
                            "column": 602
                        }
                    },
                    {
                        "start": {
                            "line": 3,
                            "column": 606
                        },
                        "end": {
                            "line": 3,
                            "column": 637
                        }
                    },
                    {
                        "start": {
                            "line": 3,
                            "column": 641
                        },
                        "end": {
                            "line": 3,
                            "column": 672
                        }
                    }
                ],
                "line": 3
            }
        },
        "s": {
            "0": 1,
            "1": 1,
            "2": 1,
            "3": 1,
            "4": 1,
            "5": 1,
            "6": 1,
            "7": 1,
            "8": 1,
            "9": 1,
            "10": 9,
            "11": 1,
            "12": 1,
            "13": 1,
            "14": 1,
            "15": 1,
            "16": 1,
            "17": 1,
            "18": 1,
            "19": 0,
            "20": 0,
            "21": 0,
            "22": 0,
            "23": 0,
            "24": 0,
            "25": 0,
            "26": 0,
            "27": 0,
            "28": 1,
            "29": 1,
            "30": 1,
            "31": 0,
            "32": 0,
            "33": 0,
            "34": 0,
            "35": 0,
            "36": 0,
            "37": 0,
            "38": 0,
            "39": 0,
            "40": 1,
            "41": 1
        },
        "f": {
            "0": 1,
            "1": 9,
            "2": 1
        },
        "b": {
            "0": [
                1,
                0
            ],
            "1": [
                1,
                0
            ],
            "2": [
                1,
                0
            ],
            "3": [
                1,
                0
            ],
            "4": [
                1,
                1,
                0
            ],
            "5": [
                0,
                1
            ],
            "6": [
                0,
                0
            ],
            "7": [
                0,
                0
            ],
            "8": [
                0,
                0,
                0
            ]
        },
        "_coverageSchema": "1a1c01bbd47fc00a2c39e90264f33305004495a9",
        "hash": "bdd173bc83e0945624af60b592390c8d49fed351"
    }
}